2023-11-04T14:09:36.277+08:00  INFO 928 --- [main] com.ma.Springboot11LogApplication        : Starting Springboot11LogApplication using Java 20.0.1 with PID 928 (D:\book\JavaProject\Springboot2\springboot_11_log\target\classes started by ma in D:\book\JavaProject\Springboot2)
2023-11-04T14:09:36.281+08:00  INFO 928 --- [main] com.ma.Springboot11LogApplication        : No active profile set, falling back to 1 default profile: "default"
2023-11-04T14:09:36.939+08:00  INFO 928 --- [main] o.s.b.w.embedded.tomcat.TomcatWebServer  : Tomcat initialized with port(s): 8080 (http)
2023-11-04T14:09:36.940+08:00  INFO 928 --- [main] o.a.catalina.core.AprLifecycleListener   : Loaded Apache Tomcat Native library [2.0.5] using APR version [1.7.4].
2023-11-04T14:09:36.943+08:00  INFO 928 --- [main] o.a.catalina.core.AprLifecycleListener   : OpenSSL successfully initialized [OpenSSL 3.0.10 1 Aug 2023]
2023-11-04T14:09:36.949+08:00  INFO 928 --- [main] o.apache.catalina.core.StandardService   : Starting service [Tomcat]
2023-11-04T14:09:36.949+08:00  INFO 928 --- [main] o.apache.catalina.core.StandardEngine    : Starting Servlet engine: [Apache Tomcat/10.1.15]
2023-11-04T14:09:37.006+08:00  INFO 928 --- [main] o.a.c.c.C.[Tomcat].[localhost].[/]       : Initializing Spring embedded WebApplicationContext
2023-11-04T14:09:37.007+08:00  INFO 928 --- [main] w.s.c.ServletWebServerApplicationContext : Root WebApplicationContext: initialization completed in 686 ms
2023-11-04T14:09:37.256+08:00  INFO 928 --- [main] o.s.b.w.embedded.tomcat.TomcatWebServer  : Tomcat started on port(s): 8080 (http) with context path ''
2023-11-04T14:09:37.261+08:00  INFO 928 --- [main] com.ma.Springboot11LogApplication        : Started Springboot11LogApplication in 1.407 seconds (process running for 1.914)
2023-11-04T14:09:44.116+08:00  INFO 928 --- [http-nio-8080-exec-1] o.a.c.c.C.[Tomcat].[localhost].[/]       : Initializing Spring DispatcherServlet 'dispatcherServlet'
2023-11-04T14:09:44.116+08:00  INFO 928 --- [http-nio-8080-exec-1] o.s.web.servlet.DispatcherServlet        : Initializing Servlet 'dispatcherServlet'
2023-11-04T14:09:44.117+08:00  INFO 928 --- [http-nio-8080-exec-1] o.s.web.servlet.DispatcherServlet        : Completed initialization in 1 ms
2023-11-04T14:09:44.139+08:00 ERROR 928 --- [http-nio-8080-exec-1] com.ma.controller.BookController         : error ....
2023-11-04T14:09:44.139+08:00  WARN 928 --- [http-nio-8080-exec-1] com.ma.controller.BookController         : warn ....
2023-11-04T14:09:44.639+08:00 ERROR 928 --- [http-nio-8080-exec-3] com.ma.controller.BookController         : error ....
2023-11-04T14:09:44.640+08:00  WARN 928 --- [http-nio-8080-exec-3] com.ma.controller.BookController         : warn ....
2023-11-04T14:09:44.817+08:00 ERROR 928 --- [http-nio-8080-exec-4] com.ma.controller.BookController         : error ....
2023-11-04T14:09:44.817+08:00  WARN 928 --- [http-nio-8080-exec-4] com.ma.controller.BookController         : warn ....
2023-11-04T14:09:44.971+08:00 ERROR 928 --- [http-nio-8080-exec-6] com.ma.controller.BookController         : error ....
2023-11-04T14:09:44.971+08:00  WARN 928 --- [http-nio-8080-exec-6] com.ma.controller.BookController         : warn ....
2023-11-04T14:09:45.127+08:00 ERROR 928 --- [http-nio-8080-exec-8] com.ma.controller.BookController         : error ....
2023-11-04T14:09:45.127+08:00  WARN 928 --- [http-nio-8080-exec-8] com.ma.controller.BookController         : warn ....
2023-11-04T14:09:45.269+08:00 ERROR 928 --- [http-nio-8080-exec-10] com.ma.controller.BookController         : error ....
2023-11-04T14:09:45.269+08:00  WARN 928 --- [http-nio-8080-exec-10] com.ma.controller.BookController         : warn ....
2023-11-04T14:09:45.434+08:00 ERROR 928 --- [http-nio-8080-exec-3] com.ma.controller.BookController         : error ....
2023-11-04T14:09:45.434+08:00  WARN 928 --- [http-nio-8080-exec-3] com.ma.controller.BookController         : warn ....
2023-11-04T14:09:45.588+08:00 ERROR 928 --- [http-nio-8080-exec-4] com.ma.controller.BookController         : error ....
2023-11-04T14:09:45.589+08:00  WARN 928 --- [http-nio-8080-exec-4] com.ma.controller.BookController         : warn ....
2023-11-04T14:09:45.732+08:00 ERROR 928 --- [http-nio-8080-exec-6] com.ma.controller.BookController         : error ....
2023-11-04T14:09:45.732+08:00  WARN 928 --- [http-nio-8080-exec-6] com.ma.controller.BookController         : warn ....
2023-11-04T14:09:45.878+08:00 ERROR 928 --- [http-nio-8080-exec-8] com.ma.controller.BookController         : error ....
2023-11-04T14:09:45.879+08:00  WARN 928 --- [http-nio-8080-exec-8] com.ma.controller.BookController         : warn ....
2023-11-04T14:09:46.044+08:00 ERROR 928 --- [http-nio-8080-exec-10] com.ma.controller.BookController         : error ....
2023-11-04T14:09:46.044+08:00  WARN 928 --- [http-nio-8080-exec-10] com.ma.controller.BookController         : warn ....
2023-11-04T14:09:46.198+08:00 ERROR 928 --- [http-nio-8080-exec-3] com.ma.controller.BookController         : error ....
2023-11-04T14:09:46.199+08:00  WARN 928 --- [http-nio-8080-exec-3] com.ma.controller.BookController         : warn ....
