2023-11-04T14:05:44.983+08:00  INFO 10096 --- [main] com.ma.Springboot11LogApplication        : Starting Springboot11LogApplication using Java 20.0.1 with PID 10096 (D:\book\JavaProject\Springboot2\springboot_11_log\target\classes started by ma in D:\book\JavaProject\Springboot2)
2023-11-04T14:05:44.987+08:00  INFO 10096 --- [main] com.ma.Springboot11LogApplication        : No active profile set, falling back to 1 default profile: "default"
2023-11-04T14:05:45.809+08:00  INFO 10096 --- [main] o.s.b.w.embedded.tomcat.TomcatWebServer  : Tomcat initialized with port(s): 8080 (http)
2023-11-04T14:05:45.810+08:00  INFO 10096 --- [main] o.a.catalina.core.AprLifecycleListener   : Loaded Apache Tomcat Native library [2.0.5] using APR version [1.7.4].
2023-11-04T14:05:45.816+08:00  INFO 10096 --- [main] o.a.catalina.core.AprLifecycleListener   : OpenSSL successfully initialized [OpenSSL 3.0.10 1 Aug 2023]
2023-11-04T14:05:45.823+08:00  INFO 10096 --- [main] o.apache.catalina.core.StandardService   : Starting service [Tomcat]
2023-11-04T14:05:45.824+08:00  INFO 10096 --- [main] o.apache.catalina.core.StandardEngine    : Starting Servlet engine: [Apache Tomcat/10.1.15]
2023-11-04T14:05:45.890+08:00  INFO 10096 --- [main] o.a.c.c.C.[Tomcat].[localhost].[/]       : Initializing Spring embedded WebApplicationContext
2023-11-04T14:05:45.890+08:00  INFO 10096 --- [main] w.s.c.ServletWebServerApplicationContext : Root WebApplicationContext: initialization completed in 845 ms
2023-11-04T14:05:46.181+08:00  INFO 10096 --- [main] o.s.b.w.embedded.tomcat.TomcatWebServer  : Tomcat started on port(s): 8080 (http) with context path ''
2023-11-04T14:05:46.187+08:00  INFO 10096 --- [main] com.ma.Springboot11LogApplication        : Started Springboot11LogApplication in 1.697 seconds (process running for 2.246)
2023-11-04T14:06:15.423+08:00  INFO 10096 --- [http-nio-8080-exec-1] o.a.c.c.C.[Tomcat].[localhost].[/]       : Initializing Spring DispatcherServlet 'dispatcherServlet'
2023-11-04T14:06:15.424+08:00  INFO 10096 --- [http-nio-8080-exec-1] o.s.web.servlet.DispatcherServlet        : Initializing Servlet 'dispatcherServlet'
2023-11-04T14:06:15.425+08:00  INFO 10096 --- [http-nio-8080-exec-1] o.s.web.servlet.DispatcherServlet        : Completed initialization in 1 ms
2023-11-04T14:06:15.444+08:00 ERROR 10096 --- [http-nio-8080-exec-1] com.ma.controller.BookController         : error ....
2023-11-04T14:06:15.444+08:00  WARN 10096 --- [http-nio-8080-exec-1] com.ma.controller.BookController         : warn ....
2023-11-04T14:06:16.057+08:00 ERROR 10096 --- [http-nio-8080-exec-2] com.ma.controller.BookController         : error ....
2023-11-04T14:06:16.058+08:00  WARN 10096 --- [http-nio-8080-exec-2] com.ma.controller.BookController         : warn ....
2023-11-04T14:06:16.657+08:00 ERROR 10096 --- [http-nio-8080-exec-5] com.ma.controller.BookController         : error ....
2023-11-04T14:06:16.657+08:00  WARN 10096 --- [http-nio-8080-exec-5] com.ma.controller.BookController         : warn ....
2023-11-04T14:06:17.004+08:00 ERROR 10096 --- [http-nio-8080-exec-6] com.ma.controller.BookController         : error ....
2023-11-04T14:06:17.004+08:00  WARN 10096 --- [http-nio-8080-exec-6] com.ma.controller.BookController         : warn ....
2023-11-04T14:06:17.187+08:00 ERROR 10096 --- [http-nio-8080-exec-8] com.ma.controller.BookController         : error ....
2023-11-04T14:06:17.187+08:00  WARN 10096 --- [http-nio-8080-exec-8] com.ma.controller.BookController         : warn ....
2023-11-04T14:06:17.350+08:00 ERROR 10096 --- [http-nio-8080-exec-10] com.ma.controller.BookController         : error ....
2023-11-04T14:06:17.350+08:00  WARN 10096 --- [http-nio-8080-exec-10] com.ma.controller.BookController         : warn ....
2023-11-04T14:06:17.496+08:00 ERROR 10096 --- [http-nio-8080-exec-2] com.ma.controller.BookController         : error ....
2023-11-04T14:06:17.496+08:00  WARN 10096 --- [http-nio-8080-exec-2] com.ma.controller.BookController         : warn ....
2023-11-04T14:06:17.641+08:00 ERROR 10096 --- [http-nio-8080-exec-5] com.ma.controller.BookController         : error ....
2023-11-04T14:06:17.643+08:00  WARN 10096 --- [http-nio-8080-exec-5] com.ma.controller.BookController         : warn ....
2023-11-04T14:06:17.800+08:00 ERROR 10096 --- [http-nio-8080-exec-6] com.ma.controller.BookController         : error ....
2023-11-04T14:06:17.800+08:00  WARN 10096 --- [http-nio-8080-exec-6] com.ma.controller.BookController         : warn ....
2023-11-04T14:06:17.950+08:00 ERROR 10096 --- [http-nio-8080-exec-8] com.ma.controller.BookController         : error ....
2023-11-04T14:06:17.950+08:00  WARN 10096 --- [http-nio-8080-exec-8] com.ma.controller.BookController         : warn ....
2023-11-04T14:06:18.094+08:00 ERROR 10096 --- [http-nio-8080-exec-10] com.ma.controller.BookController         : error ....
2023-11-04T14:06:18.094+08:00  WARN 10096 --- [http-nio-8080-exec-10] com.ma.controller.BookController         : warn ....
2023-11-04T14:06:18.255+08:00 ERROR 10096 --- [http-nio-8080-exec-2] com.ma.controller.BookController         : error ....
2023-11-04T14:06:18.255+08:00  WARN 10096 --- [http-nio-8080-exec-2] com.ma.controller.BookController         : warn ....
